d:\phoenix\training\calculatorapp\calculatorapp\calculatorapp\debug\calculatorapp.pch
d:\phoenix\training\calculatorapp\calculatorapp\calculatorapp\debug\vc140.pdb
d:\phoenix\training\calculatorapp\calculatorapp\calculatorapp\debug\stdafx.obj
d:\phoenix\training\calculatorapp\calculatorapp\calculatorapp\debug\calculatorapp.obj
d:\phoenix\training\calculatorapp\calculatorapp\calculatorapp\debug\assemblyinfo.obj
d:\phoenix\training\calculatorapp\calculatorapp\calculatorapp\debug\calculatormanager.obj
d:\phoenix\training\calculatorapp\calculatorapp\calculatorapp\debug\.netframework,version=v4.5.2.assemblyattributes.obj
d:\phoenix\training\calculatorapp\calculatorapp\calculatorapp\debug\.netframework,version=v4.5.2.assemblyattributes.asm
d:\phoenix\training\calculatorapp\calculatorapp\calculatorapp\debug\app.res
d:\phoenix\training\calculatorapp\calculatorapp\calculatorapp\debug\calculatorapp.vcxprojresolveassemblyreference.cache
d:\phoenix\training\calculatorapp\calculatorapp\debug\calculatorapp.pdb
d:\phoenix\training\calculatorapp\calculatorapp\calculatorapp\debug\calculatorapp.tlog\cl.command.1.tlog
d:\phoenix\training\calculatorapp\calculatorapp\calculatorapp\debug\calculatorapp.tlog\cl.read.1.tlog
d:\phoenix\training\calculatorapp\calculatorapp\calculatorapp\debug\calculatorapp.tlog\cl.write.1.tlog
d:\phoenix\training\calculatorapp\calculatorapp\calculatorapp\debug\calculatorapp.tlog\link.128.10664-cvtres.read.1.tlog
d:\phoenix\training\calculatorapp\calculatorapp\calculatorapp\debug\calculatorapp.tlog\link.128.10664-cvtres.write.1.tlog
d:\phoenix\training\calculatorapp\calculatorapp\calculatorapp\debug\calculatorapp.tlog\link.128.10664-rc.read.1.tlog
d:\phoenix\training\calculatorapp\calculatorapp\calculatorapp\debug\calculatorapp.tlog\link.128.10664-rc.write.1.tlog
d:\phoenix\training\calculatorapp\calculatorapp\calculatorapp\debug\calculatorapp.tlog\link.128.10664.read.1.tlog
d:\phoenix\training\calculatorapp\calculatorapp\calculatorapp\debug\calculatorapp.tlog\link.128.10664.write.1.tlog
d:\phoenix\training\calculatorapp\calculatorapp\calculatorapp\debug\calculatorapp.tlog\link.128.read.1.tlog
d:\phoenix\training\calculatorapp\calculatorapp\calculatorapp\debug\calculatorapp.tlog\link.128.write.1.tlog
d:\phoenix\training\calculatorapp\calculatorapp\calculatorapp\debug\calculatorapp.tlog\link.13288.1420-cvtres.read.1.tlog
d:\phoenix\training\calculatorapp\calculatorapp\calculatorapp\debug\calculatorapp.tlog\link.13288.1420-cvtres.write.1.tlog
d:\phoenix\training\calculatorapp\calculatorapp\calculatorapp\debug\calculatorapp.tlog\link.13288.1420-rc.read.1.tlog
d:\phoenix\training\calculatorapp\calculatorapp\calculatorapp\debug\calculatorapp.tlog\link.13288.1420-rc.write.1.tlog
d:\phoenix\training\calculatorapp\calculatorapp\calculatorapp\debug\calculatorapp.tlog\link.13288.1420.read.1.tlog
d:\phoenix\training\calculatorapp\calculatorapp\calculatorapp\debug\calculatorapp.tlog\link.13288.1420.write.1.tlog
d:\phoenix\training\calculatorapp\calculatorapp\calculatorapp\debug\calculatorapp.tlog\link.13288.read.1.tlog
d:\phoenix\training\calculatorapp\calculatorapp\calculatorapp\debug\calculatorapp.tlog\link.13288.write.1.tlog
d:\phoenix\training\calculatorapp\calculatorapp\calculatorapp\debug\calculatorapp.tlog\link.2808.1408-cvtres.read.1.tlog
d:\phoenix\training\calculatorapp\calculatorapp\calculatorapp\debug\calculatorapp.tlog\link.2808.1408-cvtres.write.1.tlog
d:\phoenix\training\calculatorapp\calculatorapp\calculatorapp\debug\calculatorapp.tlog\link.2808.1408-rc.read.1.tlog
d:\phoenix\training\calculatorapp\calculatorapp\calculatorapp\debug\calculatorapp.tlog\link.2808.1408-rc.write.1.tlog
d:\phoenix\training\calculatorapp\calculatorapp\calculatorapp\debug\calculatorapp.tlog\link.2808.1408.read.1.tlog
d:\phoenix\training\calculatorapp\calculatorapp\calculatorapp\debug\calculatorapp.tlog\link.2808.1408.write.1.tlog
d:\phoenix\training\calculatorapp\calculatorapp\calculatorapp\debug\calculatorapp.tlog\link.2808.read.1.tlog
d:\phoenix\training\calculatorapp\calculatorapp\calculatorapp\debug\calculatorapp.tlog\link.2808.write.1.tlog
d:\phoenix\training\calculatorapp\calculatorapp\calculatorapp\debug\calculatorapp.tlog\link.3744.13280-cvtres.read.1.tlog
d:\phoenix\training\calculatorapp\calculatorapp\calculatorapp\debug\calculatorapp.tlog\link.3744.13280-cvtres.write.1.tlog
d:\phoenix\training\calculatorapp\calculatorapp\calculatorapp\debug\calculatorapp.tlog\link.3744.13280-rc.read.1.tlog
d:\phoenix\training\calculatorapp\calculatorapp\calculatorapp\debug\calculatorapp.tlog\link.3744.13280-rc.write.1.tlog
d:\phoenix\training\calculatorapp\calculatorapp\calculatorapp\debug\calculatorapp.tlog\link.3744.13280.read.1.tlog
d:\phoenix\training\calculatorapp\calculatorapp\calculatorapp\debug\calculatorapp.tlog\link.3744.13280.write.1.tlog
d:\phoenix\training\calculatorapp\calculatorapp\calculatorapp\debug\calculatorapp.tlog\link.3744.read.1.tlog
d:\phoenix\training\calculatorapp\calculatorapp\calculatorapp\debug\calculatorapp.tlog\link.3744.write.1.tlog
d:\phoenix\training\calculatorapp\calculatorapp\calculatorapp\debug\calculatorapp.tlog\link.3988.9520-cvtres.read.1.tlog
d:\phoenix\training\calculatorapp\calculatorapp\calculatorapp\debug\calculatorapp.tlog\link.3988.9520-cvtres.write.1.tlog
d:\phoenix\training\calculatorapp\calculatorapp\calculatorapp\debug\calculatorapp.tlog\link.3988.9520-rc.read.1.tlog
d:\phoenix\training\calculatorapp\calculatorapp\calculatorapp\debug\calculatorapp.tlog\link.3988.9520-rc.write.1.tlog
d:\phoenix\training\calculatorapp\calculatorapp\calculatorapp\debug\calculatorapp.tlog\link.3988.9520.read.1.tlog
d:\phoenix\training\calculatorapp\calculatorapp\calculatorapp\debug\calculatorapp.tlog\link.3988.9520.write.1.tlog
d:\phoenix\training\calculatorapp\calculatorapp\calculatorapp\debug\calculatorapp.tlog\link.3988.read.1.tlog
d:\phoenix\training\calculatorapp\calculatorapp\calculatorapp\debug\calculatorapp.tlog\link.3988.write.1.tlog
d:\phoenix\training\calculatorapp\calculatorapp\calculatorapp\debug\calculatorapp.tlog\link.5944.5332-cvtres.read.1.tlog
d:\phoenix\training\calculatorapp\calculatorapp\calculatorapp\debug\calculatorapp.tlog\link.5944.5332-cvtres.write.1.tlog
d:\phoenix\training\calculatorapp\calculatorapp\calculatorapp\debug\calculatorapp.tlog\link.5944.5332-rc.read.1.tlog
d:\phoenix\training\calculatorapp\calculatorapp\calculatorapp\debug\calculatorapp.tlog\link.5944.5332-rc.write.1.tlog
d:\phoenix\training\calculatorapp\calculatorapp\calculatorapp\debug\calculatorapp.tlog\link.5944.5332.read.1.tlog
d:\phoenix\training\calculatorapp\calculatorapp\calculatorapp\debug\calculatorapp.tlog\link.5944.5332.write.1.tlog
d:\phoenix\training\calculatorapp\calculatorapp\calculatorapp\debug\calculatorapp.tlog\link.5944.read.1.tlog
d:\phoenix\training\calculatorapp\calculatorapp\calculatorapp\debug\calculatorapp.tlog\link.5944.write.1.tlog
d:\phoenix\training\calculatorapp\calculatorapp\calculatorapp\debug\calculatorapp.tlog\link.7084.8280-cvtres.read.1.tlog
d:\phoenix\training\calculatorapp\calculatorapp\calculatorapp\debug\calculatorapp.tlog\link.7084.8280-cvtres.write.1.tlog
d:\phoenix\training\calculatorapp\calculatorapp\calculatorapp\debug\calculatorapp.tlog\link.7084.8280-rc.read.1.tlog
d:\phoenix\training\calculatorapp\calculatorapp\calculatorapp\debug\calculatorapp.tlog\link.7084.8280-rc.write.1.tlog
d:\phoenix\training\calculatorapp\calculatorapp\calculatorapp\debug\calculatorapp.tlog\link.7084.8280.read.1.tlog
d:\phoenix\training\calculatorapp\calculatorapp\calculatorapp\debug\calculatorapp.tlog\link.7084.8280.write.1.tlog
d:\phoenix\training\calculatorapp\calculatorapp\calculatorapp\debug\calculatorapp.tlog\link.7084.read.1.tlog
d:\phoenix\training\calculatorapp\calculatorapp\calculatorapp\debug\calculatorapp.tlog\link.7084.write.1.tlog
d:\phoenix\training\calculatorapp\calculatorapp\calculatorapp\debug\calculatorapp.tlog\link.7532.5708-cvtres.read.1.tlog
d:\phoenix\training\calculatorapp\calculatorapp\calculatorapp\debug\calculatorapp.tlog\link.7532.5708-cvtres.write.1.tlog
d:\phoenix\training\calculatorapp\calculatorapp\calculatorapp\debug\calculatorapp.tlog\link.7532.5708-rc.read.1.tlog
d:\phoenix\training\calculatorapp\calculatorapp\calculatorapp\debug\calculatorapp.tlog\link.7532.5708-rc.write.1.tlog
d:\phoenix\training\calculatorapp\calculatorapp\calculatorapp\debug\calculatorapp.tlog\link.7532.5708.read.1.tlog
d:\phoenix\training\calculatorapp\calculatorapp\calculatorapp\debug\calculatorapp.tlog\link.7532.5708.write.1.tlog
d:\phoenix\training\calculatorapp\calculatorapp\calculatorapp\debug\calculatorapp.tlog\link.7532.read.1.tlog
d:\phoenix\training\calculatorapp\calculatorapp\calculatorapp\debug\calculatorapp.tlog\link.7532.write.1.tlog
d:\phoenix\training\calculatorapp\calculatorapp\calculatorapp\debug\calculatorapp.tlog\link.command.1.tlog
d:\phoenix\training\calculatorapp\calculatorapp\calculatorapp\debug\calculatorapp.tlog\link.read.1.tlog
d:\phoenix\training\calculatorapp\calculatorapp\calculatorapp\debug\calculatorapp.tlog\link.write.1.tlog
d:\phoenix\training\calculatorapp\calculatorapp\calculatorapp\debug\calculatorapp.tlog\metagen.read.1.tlog
d:\phoenix\training\calculatorapp\calculatorapp\calculatorapp\debug\calculatorapp.tlog\metagen.write.1.tlog
d:\phoenix\training\calculatorapp\calculatorapp\calculatorapp\debug\calculatorapp.tlog\rc.command.1.tlog
d:\phoenix\training\calculatorapp\calculatorapp\calculatorapp\debug\calculatorapp.tlog\rc.read.1.tlog
d:\phoenix\training\calculatorapp\calculatorapp\calculatorapp\debug\calculatorapp.tlog\rc.write.1.tlog
